<?xml version="1.0" encoding="UTF-8"?>
<!-- Generated by org.testng.reporters.JUnitReportReporter -->
<testsuite skipped="0" hostname="DESKTOP-TLBTJMO" name="July2022BatchSeleniumDemo.seleniumdemojuly2022.LoginTest" tests="2" failures="0" timestamp="2022-11-09T12:20:02 CST" time="66.261" errors="0">
  <testcase name="loginTestCase" time="39.611" classname="July2022BatchSeleniumDemo.seleniumdemojuly2022.LoginTest"/>
  <system-out/>
  <testcase name="loginTestCase2" time="26.650" classname="July2022BatchSeleniumDemo.seleniumdemojuly2022.LoginTest"/>
  <system-out/>
</testsuite> <!-- July2022BatchSeleniumDemo.seleniumdemojuly2022.LoginTest -->
