<?xml version="1.0" encoding="UTF-8"?>
<!-- Generated by org.testng.reporters.JUnitReportReporter -->
<testsuite skipped="0" hostname="DESKTOP-TLBTJMO" name="July2022BatchSeleniumDemo.seleniumdemojuly2022.LoginTest" tests="2" failures="0" timestamp="09 Nov 2022 18:37:22 GMT" time="64.142" errors="0">
  <testcase name="loginTestCase2" time="42.679" classname="July2022BatchSeleniumDemo.seleniumdemojuly2022.LoginTest"/>
  <testcase name="loginTestCase" time="21.463" classname="July2022BatchSeleniumDemo.seleniumdemojuly2022.LoginTest"/>
</testsuite> <!-- July2022BatchSeleniumDemo.seleniumdemojuly2022.LoginTest -->
